# JRE version: OpenJDK Runtime Environment (8.0_152-b01) (build 1.8.0_152-release-915-b01)
# Java VM: OpenJDK 64-Bit Server VM (25.152-b01 mixed mode windows-amd64 compressed oops)
Heap:
 PSYoungGen      total 328192K, used 322800K [0x00000000e0000000, 0x00000000f6680000, 0x0000000100000000)
  eden space 289280K, 100% used [0x00000000e0000000,0x00000000f1a80000,0x00000000f1a80000)
  from space 38912K, 86% used [0x00000000f1a80000,0x00000000f3b3c2b8,0x00000000f4080000)
  to   space 33280K, 0% used [0x00000000f4600000,0x00000000f4600000,0x00000000f6680000)
 ParOldGen       total 186880K, used 61788K [0x00000000a0000000, 0x00000000ab680000, 0x00000000e0000000)
  object space 186880K, 33% used [0x00000000a0000000,0x00000000a3c57380,0x00000000ab680000)
 Metaspace       used 82066K, capacity 85652K, committed 85888K, reserved 1124352K
  class space    used 10258K, capacity 11045K, committed 11136K, reserved 1048576K
GC Heap History (10 events):
Event: 357.946 GC heap before
{Heap before GC invocations=27 (full 3):
 PSYoungGen      total 245248K, used 244691K [0x00000000e0000000, 0x00000000f4b80000, 0x0000000100000000)
  eden space 216576K, 99% used [0x00000000e0000000,0x00000000ed2fbdf0,0x00000000ed380000)
  from space 28672K, 99% used [0x00000000ed380000,0x00000000eef79038,0x00000000eef80000)
  to   space 41984K, 0% used [0x00000000f2280000,0x00000000f2280000,0x00000000f4b80000)
 ParOldGen       total 125952K, used 96777K [0x00000000a0000000, 0x00000000a7b00000, 0x00000000e0000000)
  object space 125952K, 76% used [0x00000000a0000000,0x00000000a5e82588,0x00000000a7b00000)
 Metaspace       used 78805K, capacity 82182K, committed 82560K, reserved 1120256K
  class space    used 10012K, capacity 10754K, committed 10880K, reserved 1048576K
Event: 357.989 GC heap after
Heap after GC invocations=27 (full 3):
 PSYoungGen      total 293376K, used 10471K [0x00000000e0000000, 0x00000000f4780000, 0x0000000100000000)
  eden space 255488K, 0% used [0x00000000e0000000,0x00000000e0000000,0x00000000ef980000)
  from space 37888K, 27% used [0x00000000f2280000,0x00000000f2cb9f00,0x00000000f4780000)
  to   space 39936K, 0% used [0x00000000ef980000,0x00000000ef980000,0x00000000f2080000)
 ParOldGen       total 125952K, used 124116K [0x00000000a0000000, 0x00000000a7b00000, 0x00000000e0000000)
  object space 125952K, 98% used [0x00000000a0000000,0x00000000a7935270,0x00000000a7b00000)
 Metaspace       used 78805K, capacity 82182K, committed 82560K, reserved 1120256K
  class space    used 10012K, capacity 10754K, committed 10880K, reserved 1048576K
}
Event: 357.989 GC heap before
{Heap before GC invocations=28 (full 4):
 PSYoungGen      total 293376K, used 10471K [0x00000000e0000000, 0x00000000f4780000, 0x0000000100000000)
  eden space 255488K, 0% used [0x00000000e0000000,0x00000000e0000000,0x00000000ef980000)
  from space 37888K, 27% used [0x00000000f2280000,0x00000000f2cb9f00,0x00000000f4780000)
  to   space 39936K, 0% used [0x00000000ef980000,0x00000000ef980000,0x00000000f2080000)
 ParOldGen       total 125952K, used 124116K [0x00000000a0000000, 0x00000000a7b00000, 0x00000000e0000000)
  object space 125952K, 98% used [0x00000000a0000000,0x00000000a7935270,0x00000000a7b00000)
 Metaspace       used 78805K, capacity 82182K, committed 82560K, reserved 1120256K
  class space    used 10012K, capacity 10754K, committed 10880K, reserved 1048576K
Event: 358.221 GC heap after
Heap after GC invocations=28 (full 4):
 PSYoungGen      total 293376K, used 0K [0x00000000e0000000, 0x00000000f4780000, 0x0000000100000000)
  eden space 255488K, 0% used [0x00000000e0000000,0x00000000e0000000,0x00000000ef980000)
  from space 37888K, 0% used [0x00000000f2280000,0x00000000f2280000,0x00000000f4780000)
  to   space 39936K, 0% used [0x00000000ef980000,0x00000000ef980000,0x00000000f2080000)
 ParOldGen       total 186880K, used 61764K [0x00000000a0000000, 0x00000000ab680000, 0x00000000e0000000)
  object space 186880K, 33% used [0x00000000a0000000,0x00000000a3c51380,0x00000000ab680000)
 Metaspace       used 77838K, capacity 81166K, committed 82560K, reserved 1120256K
  class space    used 9912K, capacity 10648K, committed 10880K, reserved 1048576K
}
Event: 358.269 GC heap before
{Heap before GC invocations=29 (full 4):
 PSYoungGen      total 293376K, used 254675K [0x00000000e0000000, 0x00000000f4780000, 0x0000000100000000)
  eden space 255488K, 99% used [0x00000000e0000000,0x00000000ef8b4f70,0x00000000ef980000)
  from space 37888K, 0% used [0x00000000f2280000,0x00000000f2280000,0x00000000f4780000)
  to   space 39936K, 0% used [0x00000000ef980000,0x00000000ef980000,0x00000000f2080000)
 ParOldGen       total 186880K, used 61764K [0x00000000a0000000, 0x00000000ab680000, 0x00000000e0000000)
  object space 186880K, 33% used [0x00000000a0000000,0x00000000a3c51380,0x00000000ab680000)
 Metaspace       used 77838K, capacity 81166K, committed 82560K, reserved 1120256K
  class space    used 9912K, capacity 10648K, committed 10880K, reserved 1048576K
Event: 358.271 GC heap after
Heap after GC invocations=29 (full 4):
 PSYoungGen      total 295424K, used 128K [0x00000000e0000000, 0x00000000f6d00000, 0x0000000100000000)
  eden space 255488K, 0% used [0x00000000e0000000,0x00000000e0000000,0x00000000ef980000)
  from space 39936K, 0% used [0x00000000ef980000,0x00000000ef9a0000,0x00000000f2080000)
  to   space 39936K, 0% used [0x00000000f4600000,0x00000000f4600000,0x00000000f6d00000)
 ParOldGen       total 186880K, used 61772K [0x00000000a0000000, 0x00000000ab680000, 0x00000000e0000000)
  object space 186880K, 33% used [0x00000000a0000000,0x00000000a3c53380,0x00000000ab680000)
 Metaspace       used 77838K, capacity 81166K, committed 82560K, reserved 1120256K
  class space    used 9912K, capacity 10648K, committed 10880K, reserved 1048576K
}
Event: 365.004 GC heap before
{Heap before GC invocations=30 (full 4):
 PSYoungGen      total 295424K, used 255616K [0x00000000e0000000, 0x00000000f6d00000, 0x0000000100000000)
  eden space 255488K, 100% used [0x00000000e0000000,0x00000000ef980000,0x00000000ef980000)
  from space 39936K, 0% used [0x00000000ef980000,0x00000000ef9a0000,0x00000000f2080000)
  to   space 39936K, 0% used [0x00000000f4600000,0x00000000f4600000,0x00000000f6d00000)
 ParOldGen       total 186880K, used 61772K [0x00000000a0000000, 0x00000000ab680000, 0x00000000e0000000)
  object space 186880K, 33% used [0x00000000a0000000,0x00000000a3c53380,0x00000000ab680000)
 Metaspace       used 79046K, capacity 82550K, committed 82816K, reserved 1122304K
  class space    used 10007K, capacity 10770K, committed 10880K, reserved 1048576K
Event: 365.014 GC heap after
Heap after GC invocations=30 (full 4):
 PSYoungGen      total 322560K, used 4333K [0x00000000e0000000, 0x00000000f6680000, 0x0000000100000000)
  eden space 289280K, 0% used [0x00000000e0000000,0x00000000e0000000,0x00000000f1a80000)
  from space 33280K, 13% used [0x00000000f4600000,0x00000000f4a3b410,0x00000000f6680000)
  to   space 38912K, 0% used [0x00000000f1a80000,0x00000000f1a80000,0x00000000f4080000)
 ParOldGen       total 186880K, used 61780K [0x00000000a0000000, 0x00000000ab680000, 0x00000000e0000000)
  object space 186880K, 33% used [0x00000000a0000000,0x00000000a3c55380,0x00000000ab680000)
 Metaspace       used 79046K, capacity 82550K, committed 82816K, reserved 1122304K
  class space    used 10007K, capacity 10770K, committed 10880K, reserved 1048576K
}
Event: 373.295 GC heap before
{Heap before GC invocations=31 (full 4):
 PSYoungGen      total 322560K, used 293613K [0x00000000e0000000, 0x00000000f6680000, 0x0000000100000000)
  eden space 289280K, 100% used [0x00000000e0000000,0x00000000f1a80000,0x00000000f1a80000)
  from space 33280K, 13% used [0x00000000f4600000,0x00000000f4a3b410,0x00000000f6680000)
  to   space 38912K, 0% used [0x00000000f1a80000,0x00000000f1a80000,0x00000000f4080000)
 ParOldGen       total 186880K, used 61780K [0x00000000a0000000, 0x00000000ab680000, 0x00000000e0000000)
  object space 186880K, 33% used [0x00000000a0000000,0x00000000a3c55380,0x00000000ab680000)
 Metaspace       used 81667K, capacity 85236K, committed 85376K, reserved 1124352K
  class space    used 10241K, capacity 11013K, committed 11136K, reserved 1048576K
Event: 373.334 GC heap after
Heap after GC invocations=31 (full 4):
 PSYoungGen      total 328192K, used 33520K [0x00000000e0000000, 0x00000000f6680000, 0x0000000100000000)
  eden space 289280K, 0% used [0x00000000e0000000,0x00000000e0000000,0x00000000f1a80000)
  from space 38912K, 86% used [0x00000000f1a80000,0x00000000f3b3c2b8,0x00000000f4080000)
  to   space 33280K, 0% used [0x00000000f4600000,0x00000000f4600000,0x00000000f6680000)
 ParOldGen       total 186880K, used 61788K [0x00000000a0000000, 0x00000000ab680000, 0x00000000e0000000)
  object space 186880K, 33% used [0x00000000a0000000,0x00000000a3c57380,0x00000000ab680000)
 Metaspace       used 81667K, capacity 85236K, committed 85376K, reserved 1124352K
  class space    used 10241K, capacity 11013K, committed 11136K, reserved 1048576K
}

